<?xml version="1.0" encoding="UTF-8"?>
<!-- Generated by org.testng.reporters.JUnitReportReporter -->
<testsuite skipped="0" hostname="Saqueeb-Ali" name="amazon.AddProduct" tests="1" failures="0" timestamp="12 Apr 2021 13:24:51 GMT" time="43.510" errors="0">
  <testcase name="addProduct" time="43.510" classname="amazon.AddProduct"/>
</testsuite> <!-- amazon.AddProduct -->
